Not searching for unused variables given on the command line.
[36m--[0m The C compiler identification is GNU 10.2.0
[36m--[0m The CXX compiler identification is GNU 10.2.0
[36m--[0m Detecting C compiler ABI info
[36m--[0m Detecting C compiler ABI info - done
[36m--[0m Check for working C compiler: /usr/bin/cc - skipped
[36m--[0m Detecting C compile features
[36m--[0m Detecting C compile features - done
[36m--[0m Detecting CXX compiler ABI info
[36m--[0m Detecting CXX compiler ABI info - done
[36m--[0m Check for working CXX compiler: /usr/bin/c++ - skipped
[36m--[0m Detecting CXX compile features
[36m--[0m Detecting CXX compile features - done
[36m--[0m Using CATKIN_DEVEL_PREFIX: /home/paco/masterRobotica/controlProgramacionRobots/Proyecto/Proyecto-CyPR/catkin/devel/.private/magnebot_nav
[36m--[0m Using CMAKE_PREFIX_PATH: /home/paco/masterRobotica/controlProgramacionRobots/Proyecto/Proyecto-CyPR/catkin/devel;/opt/ros/noetic
[36m--[0m This workspace overlays: /home/paco/masterRobotica/controlProgramacionRobots/Proyecto/Proyecto-CyPR/catkin/devel;/opt/ros/noetic
[36m--[0m Found PythonInterp: /usr/bin/python3 (found suitable version "3.9.4", minimum required is "3")
[36m--[0m Using PYTHON_EXECUTABLE: /usr/bin/python3
[36m--[0m Using default Python package layout
[36m--[0m Found PY_em: /usr/lib/python3.9/site-packages/em.py
[36m--[0m Using empy: /usr/lib/python3.9/site-packages/em.py
[36m--[0m Using CATKIN_ENABLE_TESTING: ON
[36m--[0m Call enable_testing()
[36m--[0m Using CATKIN_TEST_RESULTS_DIR: /home/paco/masterRobotica/controlProgramacionRobots/Proyecto/Proyecto-CyPR/catkin/build/magnebot_nav/test_results
[36m--[0m Forcing gtest/gmock from source, though one was otherwise available.
[36m--[0m Found gtest sources under '/usr/src/gmock': gtests will be built
[36m--[0m Found gmock sources under '/usr/src/gmock': gmock will be built
[33m[1mCMake Warning[0m at /usr/src/gmock/CMakeLists.txt:43 (project):
  VERSION keyword not followed by a value or was followed by a value that
  expanded to nothing.


CMake Deprecation Warning at /usr/src/gmock/CMakeLists.txt:45 (cmake_minimum_required):
  Compatibility with CMake < 2.8.12 will be removed from a future version of
  CMake.

  Update the VERSION argument <min> value or use a ...<max> suffix to tell
  CMake that the project does not need compatibility with older versions.


[33m[1mCMake Warning[0m at /usr/src/googletest/CMakeLists.txt:54 (project):
  VERSION keyword not followed by a value or was followed by a value that
  expanded to nothing.


CMake Deprecation Warning at /usr/src/googletest/CMakeLists.txt:56 (cmake_minimum_required):
  Compatibility with CMake < 2.8.12 will be removed from a future version of
  CMake.

  Update the VERSION argument <min> value or use a ...<max> suffix to tell
  CMake that the project does not need compatibility with older versions.


[36m--[0m Found PythonInterp: /usr/bin/python3 (found version "3.9.4")
[36m--[0m Found Threads: TRUE
[36m--[0m Using Python nosetests: /usr/bin/nosetests-3.9
[36m--[0m catkin 0.8.10
[36m--[0m BUILD_SHARED_LIBS is on
[36m--[0m Configuring done
[36m--[0m Generating done
[36m--[0m Build files have been written to: /home/paco/masterRobotica/controlProgramacionRobots/Proyecto/Proyecto-CyPR/catkin/build/magnebot_nav
